Using pre-set license
Built from '2021.3/china_unity/release' branch; Version is '2021.3.9f1c1 (0fa35b602de1) revision 1024859'; Using compiler version '192829333'; Build Type 'Release'
OS: 'Windows 11  (10.0.22000) 64bit Professional' Language: 'zh' Physical Memory: 16206 MB
BatchMode: 1, IsHumanControllingUs: 0, StartBugReporterOnCrash: 0, Is64bit: 1, IsPro: 1

COMMAND LINE ARGUMENTS:
D:\SoftWare\UnityEditor\2021.3.9f1c1\Editor\Unity.exe
-adb2
-batchMode
-noUpm
-name
AssetImportWorker2
-projectPath
D:/UnityProject/DNFReprint
-logFile
Logs/AssetImportWorker2.log
-srvPort
49443
Successfully changed project path to: D:/UnityProject/DNFReprint
D:/UnityProject/DNFReprint
[UnityMemory] Configuration Parameters - Can be set up in boot.config
    "memorysetup-bucket-allocator-granularity=16"
    "memorysetup-bucket-allocator-bucket-count=8"
    "memorysetup-bucket-allocator-block-size=33554432"
    "memorysetup-bucket-allocator-block-count=8"
    "memorysetup-main-allocator-block-size=16777216"
    "memorysetup-thread-allocator-block-size=16777216"
    "memorysetup-gfx-main-allocator-block-size=16777216"
    "memorysetup-gfx-thread-allocator-block-size=16777216"
    "memorysetup-cache-allocator-block-size=4194304"
    "memorysetup-typetree-allocator-block-size=2097152"
    "memorysetup-profiler-bucket-allocator-granularity=16"
    "memorysetup-profiler-bucket-allocator-bucket-count=8"
    "memorysetup-profiler-bucket-allocator-block-size=33554432"
    "memorysetup-profiler-bucket-allocator-block-count=8"
    "memorysetup-profiler-allocator-block-size=16777216"
    "memorysetup-profiler-editor-allocator-block-size=1048576"
    "memorysetup-temp-allocator-size-main=16777216"
    "memorysetup-job-temp-allocator-block-size=2097152"
    "memorysetup-job-temp-allocator-block-size-background=1048576"
    "memorysetup-job-temp-allocator-reduction-small-platforms=262144"
    "memorysetup-temp-allocator-size-background-worker=32768"
    "memorysetup-temp-allocator-size-job-worker=262144"
    "memorysetup-temp-allocator-size-preload-manager=33554432"
    "memorysetup-temp-allocator-size-nav-mesh-worker=65536"
    "memorysetup-temp-allocator-size-audio-worker=65536"
    "memorysetup-temp-allocator-size-cloud-worker=32768"
    "memorysetup-temp-allocator-size-gi-baking-worker=262144"
    "memorysetup-temp-allocator-size-gfx=262144"
AS: AutoStreaming module initializing.
Refreshing native plugins compatible for Editor in 106.02 ms, found 4 plugins.
Preloading 0 native plugins for Editor in 0.00 ms.
Initialize engine version: 2021.3.9f1c1 (0fa35b602de1)
[Subsystems] Discovering subsystems at path D:/SoftWare/UnityEditor/2021.3.9f1c1/Editor/Data/Resources/UnitySubsystems
[Subsystems] Discovering subsystems at path D:/UnityProject/DNFReprint/Assets
GfxDevice: creating device client; threaded=0; jobified=0
Direct3D:
    Version:  Direct3D 11.0 [level 11.1]
    Renderer: NVIDIA GeForce RTX 3060 Laptop GPU (ID=0x2520)
    Vendor:   NVIDIA
    VRAM:     6023 MB
    Driver:   30.0.15.1181
Initialize mono
Mono path[0] = 'D:/SoftWare/UnityEditor/2021.3.9f1c1/Editor/Data/Managed'
Mono path[1] = 'D:/SoftWare/UnityEditor/2021.3.9f1c1/Editor/Data/MonoBleedingEdge/lib/mono/unityjit-win32'
Mono config path = 'D:/SoftWare/UnityEditor/2021.3.9f1c1/Editor/Data/MonoBleedingEdge/etc'
Using monoOptions --debugger-agent=transport=dt_socket,embedding=1,server=y,suspend=n,address=127.0.0.1:56860
Begin MonoManager ReloadAssembly
Registering precompiled unity dll's ...
Register platform support module: D:/SoftWare/UnityEditor/2021.3.9f1c1/Editor/Data/PlaybackEngines/AndroidPlayer/UnityEditor.Android.Extensions.dll
Register platform support module: D:/SoftWare/UnityEditor/2021.3.9f1c1/Editor/Data/PlaybackEngines/iOSSupport/UnityEditor.iOS.Extensions.dll
Register platform support module: D:/SoftWare/UnityEditor/2021.3.9f1c1/Editor/Data/PlaybackEngines/WindowsStandaloneSupport/UnityEditor.WindowsStandalone.Extensions.dll
Registered in 0.003568 seconds.
Native extension for WindowsStandalone target not found
[usbmuxd] Start listen thread
[usbmuxd] Listen thread started
Native extension for iOS target not found
Native extension for Android target not found
Refreshing native plugins compatible for Editor in 102.29 ms, found 4 plugins.
Preloading 0 native plugins for Editor in 0.00 ms.
Mono: successfully reloaded assembly
- Completed reload, in  0.713 seconds
Domain Reload Profiling:
	ReloadAssembly (714ms)
		BeginReloadAssembly (72ms)
			ExecutionOrderSort (0ms)
			DisableScriptedObjects (0ms)
			BackupInstance (0ms)
			ReleaseScriptingObjects (0ms)
			CreateAndSetChildDomain (1ms)
		EndReloadAssembly (527ms)
			LoadAssemblies (70ms)
			RebuildTransferFunctionScriptingTraits (0ms)
			SetupTypeCache (121ms)
			ReleaseScriptCaches (0ms)
			RebuildScriptCaches (31ms)
			SetupLoadedEditorAssemblies (320ms)
				LogAssemblyErrors (0ms)
				InitializePlatformSupportModulesInManaged (61ms)
				SetLoadedEditorAssemblies (0ms)
				RefreshPlugins (102ms)
				BeforeProcessingInitializeOnLoad (1ms)
				ProcessInitializeOnLoadAttributes (105ms)
				ProcessInitializeOnLoadMethodAttributes (50ms)
				AfterProcessingInitializeOnLoad (0ms)
				EditorAssembliesLoaded (0ms)
			ExecutionOrderSort2 (0ms)
			AwakeInstancesAfterBackupRestoration (0ms)
Platform modules already initialized, skipping
Registering precompiled user dll's ...
Registered in 0.011053 seconds.
Begin MonoManager ReloadAssembly
Native extension for WindowsStandalone target not found
Native extension for iOS target not found
Native extension for Android target not found
Refreshing native plugins compatible for Editor in 94.19 ms, found 4 plugins.
Preloading 0 native plugins for Editor in 0.00 ms.
Mono: successfully reloaded assembly
- Completed reload, in  1.374 seconds
Domain Reload Profiling:
	ReloadAssembly (1375ms)
		BeginReloadAssembly (318ms)
			ExecutionOrderSort (0ms)
			DisableScriptedObjects (6ms)
			BackupInstance (0ms)
			ReleaseScriptingObjects (0ms)
			CreateAndSetChildDomain (230ms)
		EndReloadAssembly (959ms)
			LoadAssemblies (78ms)
			RebuildTransferFunctionScriptingTraits (0ms)
			SetupTypeCache (218ms)
			ReleaseScriptCaches (1ms)
			RebuildScriptCaches (65ms)
			SetupLoadedEditorAssemblies (545ms)
				LogAssemblyErrors (0ms)
				InitializePlatformSupportModulesInManaged (29ms)
				SetLoadedEditorAssemblies (0ms)
				RefreshPlugins (94ms)
				BeforeProcessingInitializeOnLoad (80ms)
				ProcessInitializeOnLoadAttributes (295ms)
				ProcessInitializeOnLoadMethodAttributes (39ms)
				AfterProcessingInitializeOnLoad (7ms)
				EditorAssembliesLoaded (0ms)
			ExecutionOrderSort2 (0ms)
			AwakeInstancesAfterBackupRestoration (5ms)
Platform modules already initialized, skipping
========================================================================
Worker process is ready to serve import requests
Launched and connected shader compiler UnityShaderCompiler.exe after 0.03 seconds
Refreshing native plugins compatible for Editor in 1.01 ms, found 4 plugins.
Preloading 0 native plugins for Editor in 0.00 ms.
Unloading 3192 Unused Serialized files (Serialized files now loaded: 0)
Unloading 67 unused Assets / (128.5 KB). Loaded Objects now: 3644.
Memory consumption went from 141.7 MB to 141.6 MB.
Total: 3.320600 ms (FindLiveObjects: 0.245900 ms CreateObjectMapping: 0.195400 ms MarkObjects: 2.803100 ms  DeleteObjects: 0.075400 ms)

AssetImportParameters requested are different than current active one (requested -> active):
  custom:video-decoder-ogg-theora: a1e56fd34408186e4bbccfd4996cb3dc -> 
  custom:container-muxer-webm: aa71ff27fc2769a1b78a27578f13a17b -> 
  custom:container-demuxer-webm: 4f35f7cbe854078d1ac9338744f61a02 -> 
  custom:video-encoder-webm-vp8: eb34c28f22e8b96e1ab97ce403110664 -> 
  custom:audio-encoder-webm-vorbis: bf7c407c2cedff20999df2af8eb42d56 -> 
  custom:framework-win-MediaFoundation: 216162199b28c13a410421893ffa2e32 -> 
  custom:container-demuxer-ogg: 62fdf1f143b41e24485cea50d1cbac27 -> 
  custom:video-decoder-webm-vp8: 9c59270c3fd7afecdb556c50c9e8de78 -> 
  custom:audio-decoder-ogg-vorbis: bf7c407c2cedff20999df2af8eb42d56 -> 
========================================================================
Received Import Request.
  Time since last request: 166624.782408 seconds.
  path: Assets/Texture/赛利亚房间/leaf_3.img/1.png
  artifactKey: Guid(deb72a6067de88a49ba5bbcb74cae566) Importer(815301076,1909f56bfc062723c751e8b465ee728b)
Start importing Assets/Texture/赛利亚房间/leaf_3.img/1.png using Guid(deb72a6067de88a49ba5bbcb74cae566) Importer(815301076,1909f56bfc062723c751e8b465ee728b)  -> (artifact id: '107ad1c9f0db8bec4fae913934569bb8') in 0.105320 seconds 
========================================================================
Received Import Request.
  Time since last request: 0.000026 seconds.
  path: Assets/Resources/Textrue/HitEffect/knockLarge/1.png
  artifactKey: Guid(a5997c374d342554a8555687a18b646a) Importer(815301076,1909f56bfc062723c751e8b465ee728b)
Start importing Assets/Resources/Textrue/HitEffect/knockLarge/1.png using Guid(a5997c374d342554a8555687a18b646a) Importer(815301076,1909f56bfc062723c751e8b465ee728b)  -> (artifact id: 'e9ca8d43ee7e6a3b53fda6ad0b82c6ac') in 0.023539 seconds 
========================================================================
Received Import Request.
  Time since last request: 0.000034 seconds.
  path: Assets/Texture/艾尔文防线/sprite_map_town_04_elvengard_object/shine_beam.img/10.png
  artifactKey: Guid(3c53c07978a61aa4183adbb41a3e120e) Importer(815301076,1909f56bfc062723c751e8b465ee728b)
Start importing Assets/Texture/艾尔文防线/sprite_map_town_04_elvengard_object/shine_beam.img/10.png using Guid(3c53c07978a61aa4183adbb41a3e120e) Importer(815301076,1909f56bfc062723c751e8b465ee728b)  -> (artifact id: '083fa626c95444fb747a9b929a664e2e') in 0.029405 seconds 
========================================================================
Received Import Request.
  Time since last request: 0.000033 seconds.
  path: Assets/Texture/艾尔文防线/sprite_map_town_04_elvengard_object/shine_seria_n.img/1.png
  artifactKey: Guid(9ff4c9070bb8a954fac2ac4732ebb98b) Importer(815301076,1909f56bfc062723c751e8b465ee728b)
Start importing Assets/Texture/艾尔文防线/sprite_map_town_04_elvengard_object/shine_seria_n.img/1.png using Guid(9ff4c9070bb8a954fac2ac4732ebb98b) Importer(815301076,1909f56bfc062723c751e8b465ee728b)  -> (artifact id: '297a928ff73739f7b5256f68c5e09082') in 0.025270 seconds 
========================================================================
Received Import Request.
  Time since last request: 0.000034 seconds.
  path: Assets/Resources/Textrue/HitEffect/SlashLarge3/body/1.png
  artifactKey: Guid(ff064926bd313a84db76ad52e717b333) Importer(815301076,1909f56bfc062723c751e8b465ee728b)
Start importing Assets/Resources/Textrue/HitEffect/SlashLarge3/body/1.png using Guid(ff064926bd313a84db76ad52e717b333) Importer(815301076,1909f56bfc062723c751e8b465ee728b)  -> (artifact id: '9409e883ce9888c9ce91e54cb16518cb') in 0.018353 seconds 
========================================================================
Received Import Request.
  Time since last request: 0.000021 seconds.
  path: Assets/Resources/Textrue/Character/swordman-f/body/10.png
  artifactKey: Guid(86fb63ebcaa46a141adc412c7edbba4a) Importer(815301076,1909f56bfc062723c751e8b465ee728b)
Start importing Assets/Resources/Textrue/Character/swordman-f/body/10.png using Guid(86fb63ebcaa46a141adc412c7edbba4a) Importer(815301076,1909f56bfc062723c751e8b465ee728b)  -> (artifact id: 'e61abcc17307d6f6fb66c820dd635fc3') in 0.017887 seconds 
========================================================================
Received Import Request.
  Time since last request: 0.000031 seconds.
  path: Assets/Resources/Textrue/HitEffect/SlashLarge1/body/1.png
  artifactKey: Guid(28928e473200cfa418382af4d97ea222) Importer(815301076,1909f56bfc062723c751e8b465ee728b)
Start importing Assets/Resources/Textrue/HitEffect/SlashLarge1/body/1.png using Guid(28928e473200cfa418382af4d97ea222) Importer(815301076,1909f56bfc062723c751e8b465ee728b)  -> (artifact id: '618028ad730025f10839318e6e98bb7a') in 0.017484 seconds 
========================================================================
Received Import Request.
  Time since last request: 0.000021 seconds.
  path: Assets/Resources/Textrue/Moster/shabao/10000/body/10.png
  artifactKey: Guid(758e167fb0ecb1341901492a9b7a2124) Importer(815301076,1909f56bfc062723c751e8b465ee728b)
Start importing Assets/Resources/Textrue/Moster/shabao/10000/body/10.png using Guid(758e167fb0ecb1341901492a9b7a2124) Importer(815301076,1909f56bfc062723c751e8b465ee728b)  -> (artifact id: '5bc38de937dc819865186c3700ec0dbd') in 0.021458 seconds 
========================================================================
Received Import Request.
  Time since last request: 0.000043 seconds.
  path: Assets/Resources/Textrue/HitEffect/fireHit/body/1.png
  artifactKey: Guid(e4948720bccd30946a0e9e4ac79aba17) Importer(815301076,1909f56bfc062723c751e8b465ee728b)
Start importing Assets/Resources/Textrue/HitEffect/fireHit/body/1.png using Guid(e4948720bccd30946a0e9e4ac79aba17) Importer(815301076,1909f56bfc062723c751e8b465ee728b)  -> (artifact id: '5a5b57cd5c4ab54eeb5c8034dabc87e3') in 0.013619 seconds 
========================================================================
Received Import Request.
  Time since last request: 0.000026 seconds.
  path: Assets/Resources/Textrue/Character/swordman-f/hair_3/10.png
  artifactKey: Guid(e701849a4ff3a5e4da4d07455aae56c6) Importer(815301076,1909f56bfc062723c751e8b465ee728b)
Start importing Assets/Resources/Textrue/Character/swordman-f/hair_3/10.png using Guid(e701849a4ff3a5e4da4d07455aae56c6) Importer(815301076,1909f56bfc062723c751e8b465ee728b)  -> (artifact id: 'cb8afa51a0b40b8951860e26af21675b') in 0.015221 seconds 
========================================================================
Received Import Request.
  Time since last request: 0.000020 seconds.
  path: Assets/Texture/艾尔文防线/sprite_map_town_04_elvengard_object/shine_ground.img/1.png
  artifactKey: Guid(2daa1ca5813292045ba9aeda92e54bd1) Importer(815301076,1909f56bfc062723c751e8b465ee728b)
Start importing Assets/Texture/艾尔文防线/sprite_map_town_04_elvengard_object/shine_ground.img/1.png using Guid(2daa1ca5813292045ba9aeda92e54bd1) Importer(815301076,1909f56bfc062723c751e8b465ee728b)  -> (artifact id: 'ee681660e0a1d41ddea751deaba55597') in 0.022363 seconds 
========================================================================
Received Import Request.
  Time since last request: 0.000028 seconds.
  path: Assets/Resources/Textrue/HitEffect/lightHit/body/1.png
  artifactKey: Guid(2562bc73269ed3c4d8db16776f8974d0) Importer(815301076,1909f56bfc062723c751e8b465ee728b)
Start importing Assets/Resources/Textrue/HitEffect/lightHit/body/1.png using Guid(2562bc73269ed3c4d8db16776f8974d0) Importer(815301076,1909f56bfc062723c751e8b465ee728b)  -> (artifact id: 'c95958cc23a6cd238002a8022f039801') in 0.017059 seconds 
========================================================================
Received Import Request.
  Time since last request: 0.000032 seconds.
  path: Assets/Texture/艾尔文防线/sprite_map_town_04_elvengard_object/block.img/1.png
  artifactKey: Guid(53859df352ef6de4ab99ef5c4341085e) Importer(815301076,1909f56bfc062723c751e8b465ee728b)
Start importing Assets/Texture/艾尔文防线/sprite_map_town_04_elvengard_object/block.img/1.png using Guid(53859df352ef6de4ab99ef5c4341085e) Importer(815301076,1909f56bfc062723c751e8b465ee728b)  -> (artifact id: 'e9511bd74da18c7d427304787d028700') in 0.021424 seconds 
========================================================================
Received Import Request.
  Time since last request: 0.000021 seconds.
  path: Assets/Resources/Textrue/Character/swordman-f/weapon_2/10.png
  artifactKey: Guid(ce97e5ad191b99a4f88a30bf0db13f68) Importer(815301076,1909f56bfc062723c751e8b465ee728b)
Start importing Assets/Resources/Textrue/Character/swordman-f/weapon_2/10.png using Guid(ce97e5ad191b99a4f88a30bf0db13f68) Importer(815301076,1909f56bfc062723c751e8b465ee728b)  -> (artifact id: '7b2ba656d48dd7ae7e7a37f953c51868') in 0.013522 seconds 
========================================================================
Received Import Request.
  Time since last request: 2.526864 seconds.
  path: Assets/Resources/Textrue/Character/saber/10000/body/11.png
  artifactKey: Guid(78b04772fb1359a4db3bff47ab30b3a5) Importer(815301076,1909f56bfc062723c751e8b465ee728b)
Start importing Assets/Resources/Textrue/Character/saber/10000/body/11.png using Guid(78b04772fb1359a4db3bff47ab30b3a5) Importer(815301076,1909f56bfc062723c751e8b465ee728b)  -> (artifact id: '2807cdbd6e3af70a95c1c54eb6d6411f') in 0.024788 seconds 
========================================================================
Received Import Request.
  Time since last request: 0.000025 seconds.
  path: Assets/Texture/艾尔文防线/sprite_map_town_04_elvengard_object/shine_ground.img/11.png
  artifactKey: Guid(22b1842c34d1c2a44b934c4aa4bd607b) Importer(815301076,1909f56bfc062723c751e8b465ee728b)
Start importing Assets/Texture/艾尔文防线/sprite_map_town_04_elvengard_object/shine_ground.img/11.png using Guid(22b1842c34d1c2a44b934c4aa4bd607b) Importer(815301076,1909f56bfc062723c751e8b465ee728b)  -> (artifact id: '23e430fdf1738ccfd9869e04943e4136') in 0.021253 seconds 
========================================================================
Received Import Request.
  Time since last request: 0.308195 seconds.
  path: Assets/Texture/艾尔文防线/sprite_map_town_04_elvengard_object/shine_seria_n.img/11.png
  artifactKey: Guid(b03939cfb9883404c93da8c5ad23f14b) Importer(815301076,1909f56bfc062723c751e8b465ee728b)
Start importing Assets/Texture/艾尔文防线/sprite_map_town_04_elvengard_object/shine_seria_n.img/11.png using Guid(b03939cfb9883404c93da8c5ad23f14b) Importer(815301076,1909f56bfc062723c751e8b465ee728b)  -> (artifact id: 'bba53bcac691f2775bf06769592a4f36') in 0.034184 seconds 
========================================================================
Received Import Request.
  Time since last request: 0.000021 seconds.
  path: Assets/Resources/Textrue/Character/swordman-f/weapon_2/11.png
  artifactKey: Guid(bb598a00fd506ba4f97919035a20eb85) Importer(815301076,1909f56bfc062723c751e8b465ee728b)
Start importing Assets/Resources/Textrue/Character/swordman-f/weapon_2/11.png using Guid(bb598a00fd506ba4f97919035a20eb85) Importer(815301076,1909f56bfc062723c751e8b465ee728b)  -> (artifact id: '7dfac7cad25c8a231293fc082984cdc6') in 0.014840 seconds 
========================================================================
Received Import Request.
  Time since last request: 0.314136 seconds.
  path: Assets/Resources/Textrue/HitEffect/fireHit/body/11.png
  artifactKey: Guid(24d5b17b74a105d4c80ccb550f52df1f) Importer(815301076,1909f56bfc062723c751e8b465ee728b)
Start importing Assets/Resources/Textrue/HitEffect/fireHit/body/11.png using Guid(24d5b17b74a105d4c80ccb550f52df1f) Importer(815301076,1909f56bfc062723c751e8b465ee728b)  -> (artifact id: '4fb4d9593edb4494cde6937d796a3d85') in 0.023802 seconds 
========================================================================
Received Import Request.
  Time since last request: 0.000021 seconds.
  path: Assets/Resources/Textrue/Moster/shabao/10000/body/12.png
  artifactKey: Guid(9e4c9ab25ed724040b013320deea0381) Importer(815301076,1909f56bfc062723c751e8b465ee728b)
Start importing Assets/Resources/Textrue/Moster/shabao/10000/body/12.png using Guid(9e4c9ab25ed724040b013320deea0381) Importer(815301076,1909f56bfc062723c751e8b465ee728b)  -> (artifact id: '46ab4ae7184485f6602f45190810e042') in 0.021477 seconds 
========================================================================
Received Import Request.
  Time since last request: 0.029282 seconds.
  path: Assets/Resources/Textrue/Character/swordman-f/pants/12.png
  artifactKey: Guid(60603652c44722442be01350d38140b6) Importer(815301076,1909f56bfc062723c751e8b465ee728b)
Start importing Assets/Resources/Textrue/Character/swordman-f/pants/12.png using Guid(60603652c44722442be01350d38140b6) Importer(815301076,1909f56bfc062723c751e8b465ee728b)  -> (artifact id: 'b5b879e3466061358ea5224f57770cdd') in 0.019991 seconds 
========================================================================
Received Import Request.
  Time since last request: 0.000041 seconds.
  path: Assets/Resources/Textrue/Character/swordman-f/weapon_2/12.png
  artifactKey: Guid(ec309fe6b6c84a540ba1b1421d8543c2) Importer(815301076,1909f56bfc062723c751e8b465ee728b)
Start importing Assets/Resources/Textrue/Character/swordman-f/weapon_2/12.png using Guid(ec309fe6b6c84a540ba1b1421d8543c2) Importer(815301076,1909f56bfc062723c751e8b465ee728b)  -> (artifact id: 'b5d0c5a6977d341a9f9144344f3f94c2') in 0.011791 seconds 
========================================================================
Received Import Request.
  Time since last request: 0.000022 seconds.
  path: Assets/Texture/赛利亚房间/gate_new_glow_eff.img/13.png
  artifactKey: Guid(a8f36d88f0eb4d049b2c7093eb1f3c73) Importer(815301076,1909f56bfc062723c751e8b465ee728b)
Start importing Assets/Texture/赛利亚房间/gate_new_glow_eff.img/13.png using Guid(a8f36d88f0eb4d049b2c7093eb1f3c73) Importer(815301076,1909f56bfc062723c751e8b465ee728b)  -> (artifact id: '24f2666055ac7b28c0a292802de0ec0b') in 0.026508 seconds 
========================================================================
Received Import Request.
  Time since last request: 0.000031 seconds.
  path: Assets/Resources/Textrue/Character/swordman-f/weapon_2/13.png
  artifactKey: Guid(c66edcf5bab1bb94e93c234090df8aab) Importer(815301076,1909f56bfc062723c751e8b465ee728b)
Start importing Assets/Resources/Textrue/Character/swordman-f/weapon_2/13.png using Guid(c66edcf5bab1bb94e93c234090df8aab) Importer(815301076,1909f56bfc062723c751e8b465ee728b)  -> (artifact id: '795d11c63d25aaefd2e7b7def33bc465') in 0.012079 seconds 
========================================================================
Received Import Request.
  Time since last request: 0.135238 seconds.
  path: Assets/Resources/Textrue/Character/saber/10000/body/13.png
  artifactKey: Guid(7828c8deeccaecc4d94d4a7b6b8577c8) Importer(815301076,1909f56bfc062723c751e8b465ee728b)
Start importing Assets/Resources/Textrue/Character/saber/10000/body/13.png using Guid(7828c8deeccaecc4d94d4a7b6b8577c8) Importer(815301076,1909f56bfc062723c751e8b465ee728b)  -> (artifact id: '533ff201663be1a1ded54e9bd694e4ff') in 0.025722 seconds 
========================================================================
Received Import Request.
  Time since last request: 0.000020 seconds.
  path: Assets/Resources/Textrue/Character/swordman-f/weapon_1/14.png
  artifactKey: Guid(c9b8f998a66df694692de2a0e6ee35d9) Importer(815301076,1909f56bfc062723c751e8b465ee728b)
Start importing Assets/Resources/Textrue/Character/swordman-f/weapon_1/14.png using Guid(c9b8f998a66df694692de2a0e6ee35d9) Importer(815301076,1909f56bfc062723c751e8b465ee728b)  -> (artifact id: 'e07f68fccc17136938c7b1913a096120') in 0.024522 seconds 
========================================================================
Received Import Request.
  Time since last request: 0.000023 seconds.
  path: Assets/Resources/Textrue/Character/swordman-f/hair_1/14.png
  artifactKey: Guid(6ec1d7c5ee8e24446a37253aa68604bd) Importer(815301076,1909f56bfc062723c751e8b465ee728b)
Start importing Assets/Resources/Textrue/Character/swordman-f/hair_1/14.png using Guid(6ec1d7c5ee8e24446a37253aa68604bd) Importer(815301076,1909f56bfc062723c751e8b465ee728b)  -> (artifact id: '6a69783ed37d8f83f5d71fe512bc94a8') in 0.017668 seconds 
========================================================================
Received Import Request.
  Time since last request: 0.000025 seconds.
  path: Assets/Resources/Textrue/Character/swordman-f/hair_1/15.png
  artifactKey: Guid(5fa1bc9995fed5e4ebc7886cd1ab7099) Importer(815301076,1909f56bfc062723c751e8b465ee728b)
Start importing Assets/Resources/Textrue/Character/swordman-f/hair_1/15.png using Guid(5fa1bc9995fed5e4ebc7886cd1ab7099) Importer(815301076,1909f56bfc062723c751e8b465ee728b)  -> (artifact id: '57cf8eb16568290253307f9ebaf8c7dc') in 0.021153 seconds 
========================================================================
Received Import Request.
  Time since last request: 0.000037 seconds.
  path: Assets/Resources/Textrue/Character/swordman-f/hair_2/16.png
  artifactKey: Guid(6de21979832d4f04c8a30a94db996e2d) Importer(815301076,1909f56bfc062723c751e8b465ee728b)
Start importing Assets/Resources/Textrue/Character/swordman-f/hair_2/16.png using Guid(6de21979832d4f04c8a30a94db996e2d) Importer(815301076,1909f56bfc062723c751e8b465ee728b)  -> (artifact id: '13f6366f38b7f12a4cfd8b3263b52506') in 0.020211 seconds 
========================================================================
Received Import Request.
  Time since last request: 0.000047 seconds.
  path: Assets/Resources/Textrue/Character/swordman-f/weapon_1/16.png
  artifactKey: Guid(9263c56579d4a944f98445b981dc6dff) Importer(815301076,1909f56bfc062723c751e8b465ee728b)
Start importing Assets/Resources/Textrue/Character/swordman-f/weapon_1/16.png using Guid(9263c56579d4a944f98445b981dc6dff) Importer(815301076,1909f56bfc062723c751e8b465ee728b)  -> (artifact id: '3a1269c84bbcff7e4c7014e6f850b918') in 0.010521 seconds 
========================================================================
Received Import Request.
  Time since last request: 0.000018 seconds.
  path: Assets/Resources/Textrue/Character/swordman-f/body/14.png
  artifactKey: Guid(e18a01ccfc5e54042ada022807785c6b) Importer(815301076,1909f56bfc062723c751e8b465ee728b)
Start importing Assets/Resources/Textrue/Character/swordman-f/body/14.png using Guid(e18a01ccfc5e54042ada022807785c6b) Importer(815301076,1909f56bfc062723c751e8b465ee728b)  -> (artifact id: '8f48bf7913fe99db4fe52672e9e2e64c') in 0.016249 seconds 
========================================================================
Received Import Request.
  Time since last request: 0.000026 seconds.
  path: Assets/Resources/Textrue/Character/swordman-f/body/15.png
  artifactKey: Guid(0151c19fcca83b0429f06b6ce869e7ad) Importer(815301076,1909f56bfc062723c751e8b465ee728b)
Start importing Assets/Resources/Textrue/Character/swordman-f/body/15.png using Guid(0151c19fcca83b0429f06b6ce869e7ad) Importer(815301076,1909f56bfc062723c751e8b465ee728b)  -> (artifact id: '7191adb1dca90ad22d81f6369edad048') in 0.017590 seconds 
========================================================================
Received Import Request.
  Time since last request: 0.000022 seconds.
  path: Assets/Resources/Textrue/Character/swordman-f/weapon_2/14.png
  artifactKey: Guid(668eb78b9049f8a468dc6914b2146e47) Importer(815301076,1909f56bfc062723c751e8b465ee728b)
Start importing Assets/Resources/Textrue/Character/swordman-f/weapon_2/14.png using Guid(668eb78b9049f8a468dc6914b2146e47) Importer(815301076,1909f56bfc062723c751e8b465ee728b)  -> (artifact id: '5cf656d284bb6562d16a29b14cfd7aea') in 0.012472 seconds 
========================================================================
Received Import Request.
  Time since last request: 0.048355 seconds.
  path: Assets/Resources/Textrue/Moster/shabao/10000/body/16.png
  artifactKey: Guid(72954682fb18cc34caa3eab51b44a5ea) Importer(815301076,1909f56bfc062723c751e8b465ee728b)
Start importing Assets/Resources/Textrue/Moster/shabao/10000/body/16.png using Guid(72954682fb18cc34caa3eab51b44a5ea) Importer(815301076,1909f56bfc062723c751e8b465ee728b)  -> (artifact id: 'e18c037c1dd0314206675e1e9941c342') in 0.059234 seconds 
========================================================================
Received Import Request.
  Time since last request: 0.000021 seconds.
  path: Assets/Resources/Textrue/Character/swordman-f/hair_1/19.png
  artifactKey: Guid(82476a81e6a2de84b8d814ca5d778694) Importer(815301076,1909f56bfc062723c751e8b465ee728b)
Start importing Assets/Resources/Textrue/Character/swordman-f/hair_1/19.png using Guid(82476a81e6a2de84b8d814ca5d778694) Importer(815301076,1909f56bfc062723c751e8b465ee728b)  -> (artifact id: 'a3a87b68708e363a1fadc1a09d055200') in 0.038599 seconds 
========================================================================
Received Import Request.
  Time since last request: 0.000028 seconds.
  path: Assets/Resources/Textrue/Character/swordman-f/pants/19.png
  artifactKey: Guid(a1b81133fc0a24740bc1ea8d8a5d8b67) Importer(815301076,1909f56bfc062723c751e8b465ee728b)
Start importing Assets/Resources/Textrue/Character/swordman-f/pants/19.png using Guid(a1b81133fc0a24740bc1ea8d8a5d8b67) Importer(815301076,1909f56bfc062723c751e8b465ee728b)  -> (artifact id: '613a50360e9c393523bd344ac1b2c97b') in 0.017515 seconds 
========================================================================
Received Import Request.
  Time since last request: 0.000019 seconds.
  path: Assets/Resources/Textrue/Character/swordman-f/weapon_2/19.png
  artifactKey: Guid(66c8f3bb4f4a1c64596de0e43d0a4414) Importer(815301076,1909f56bfc062723c751e8b465ee728b)
Start importing Assets/Resources/Textrue/Character/swordman-f/weapon_2/19.png using Guid(66c8f3bb4f4a1c64596de0e43d0a4414) Importer(815301076,1909f56bfc062723c751e8b465ee728b)  -> (artifact id: 'd62115c9a04ff896157843a2186ddf6e') in 0.011783 seconds 
========================================================================
Received Import Request.
  Time since last request: 0.000021 seconds.
  path: Assets/Resources/Textrue/Character/swordman-f/hair_2/18.png
  artifactKey: Guid(7730a8876b0d74b4a8ef0ca4be0c45d2) Importer(815301076,1909f56bfc062723c751e8b465ee728b)
Start importing Assets/Resources/Textrue/Character/swordman-f/hair_2/18.png using Guid(7730a8876b0d74b4a8ef0ca4be0c45d2) Importer(815301076,1909f56bfc062723c751e8b465ee728b)  -> (artifact id: '844dd86a63e57a66fe758727f64ff40c') in 0.010837 seconds 
========================================================================
Received Import Request.
  Time since last request: 0.000028 seconds.
  path: Assets/Resources/Textrue/Character/swordman-f/body/17.png
  artifactKey: Guid(c38bc84d6f9f4f1408071fa1bcd90886) Importer(815301076,1909f56bfc062723c751e8b465ee728b)
Start importing Assets/Resources/Textrue/Character/swordman-f/body/17.png using Guid(c38bc84d6f9f4f1408071fa1bcd90886) Importer(815301076,1909f56bfc062723c751e8b465ee728b)  -> (artifact id: '3bc39bb92cadcb6e77da80f036bc3c7c') in 0.016712 seconds 
========================================================================
Received Import Request.
  Time since last request: 0.000033 seconds.
  path: Assets/Resources/Textrue/Moster/shabao/10000/body/18.png
  artifactKey: Guid(3453479566677c543ae9c25f31a635de) Importer(815301076,1909f56bfc062723c751e8b465ee728b)
Start importing Assets/Resources/Textrue/Moster/shabao/10000/body/18.png using Guid(3453479566677c543ae9c25f31a635de) Importer(815301076,1909f56bfc062723c751e8b465ee728b)  -> (artifact id: '5bb102e23ad28a7f338236c7c72d0128') in 0.023466 seconds 
========================================================================
Received Import Request.
  Time since last request: 0.000028 seconds.
  path: Assets/Resources/Textrue/Character/swordman-f/hair_2/19.png
  artifactKey: Guid(b89263ecdffd0e14e86223f0479d271a) Importer(815301076,1909f56bfc062723c751e8b465ee728b)
Start importing Assets/Resources/Textrue/Character/swordman-f/hair_2/19.png using Guid(b89263ecdffd0e14e86223f0479d271a) Importer(815301076,1909f56bfc062723c751e8b465ee728b)  -> (artifact id: 'bdcb28f627e6f1c294aa8113f236f085') in 0.010687 seconds 
========================================================================
Received Import Request.
  Time since last request: 0.102007 seconds.
  path: Assets/Resources/Textrue/Character/swordman-f/weapon_1/21.png
  artifactKey: Guid(1ead02c487e93d845995e3013d82f9d9) Importer(815301076,1909f56bfc062723c751e8b465ee728b)
Start importing Assets/Resources/Textrue/Character/swordman-f/weapon_1/21.png using Guid(1ead02c487e93d845995e3013d82f9d9) Importer(815301076,1909f56bfc062723c751e8b465ee728b)  -> (artifact id: '85e10eb397e310e8a81c83c287cf4dd2') in 0.022194 seconds 
========================================================================
Received Import Request.
  Time since last request: 0.004073 seconds.
  path: Assets/Resources/Textrue/Moster/shabao/10000/body/21.png
  artifactKey: Guid(6fd2c76f1a032c54ead87a3da63e64fd) Importer(815301076,1909f56bfc062723c751e8b465ee728b)
Start importing Assets/Resources/Textrue/Moster/shabao/10000/body/21.png using Guid(6fd2c76f1a032c54ead87a3da63e64fd) Importer(815301076,1909f56bfc062723c751e8b465ee728b)  -> (artifact id: '597b6adb651b992e2c78a9279c7a2833') in 0.018561 seconds 
========================================================================
Received Import Request.
  Time since last request: 0.000023 seconds.
  path: Assets/Resources/Textrue/Character/swordman-f/hair_3/31.png
  artifactKey: Guid(9c9c8269af60f684fa9ab272296ccd83) Importer(815301076,1909f56bfc062723c751e8b465ee728b)
Start importing Assets/Resources/Textrue/Character/swordman-f/hair_3/31.png using Guid(9c9c8269af60f684fa9ab272296ccd83) Importer(815301076,1909f56bfc062723c751e8b465ee728b)  -> (artifact id: '5a81af6ab2caf12a84257c360884405e') in 0.014011 seconds 
========================================================================
Received Import Request.
  Time since last request: 0.000039 seconds.
  path: Assets/Resources/Textrue/Character/saber/10000/body/31.png
  artifactKey: Guid(b4448ddee64fcd7409f2968c7622cee5) Importer(815301076,1909f56bfc062723c751e8b465ee728b)
Start importing Assets/Resources/Textrue/Character/saber/10000/body/31.png using Guid(b4448ddee64fcd7409f2968c7622cee5) Importer(815301076,1909f56bfc062723c751e8b465ee728b)  -> (artifact id: '81b168d643d4d084c0fe3627dd392ee6') in 0.017516 seconds 
========================================================================
Received Import Request.
  Time since last request: 0.000026 seconds.
  path: Assets/Resources/Textrue/Character/swordman-f/pants/21.png
  artifactKey: Guid(c22589b26123a664f97900266b269ef0) Importer(815301076,1909f56bfc062723c751e8b465ee728b)
Start importing Assets/Resources/Textrue/Character/swordman-f/pants/21.png using Guid(c22589b26123a664f97900266b269ef0) Importer(815301076,1909f56bfc062723c751e8b465ee728b)  -> (artifact id: 'b1bc149324875793155a3eae79db645b') in 0.014105 seconds 
========================================================================
Received Import Request.
  Time since last request: 0.000023 seconds.
  path: Assets/Resources/Textrue/Character/saber/10000/body/51.png
  artifactKey: Guid(6562ab574b4bee643b046b4c4a8a4157) Importer(815301076,1909f56bfc062723c751e8b465ee728b)
Start importing Assets/Resources/Textrue/Character/saber/10000/body/51.png using Guid(6562ab574b4bee643b046b4c4a8a4157) Importer(815301076,1909f56bfc062723c751e8b465ee728b)  -> (artifact id: '5074da1642b8e02d251d232f81105101') in 0.019237 seconds 
========================================================================
Received Import Request.
  Time since last request: 0.000023 seconds.
  path: Assets/Resources/Textrue/Character/swordman-f/body/51.png
  artifactKey: Guid(9c7d349f0f5f07147aa1c0379c412e25) Importer(815301076,1909f56bfc062723c751e8b465ee728b)
Start importing Assets/Resources/Textrue/Character/swordman-f/body/51.png using Guid(9c7d349f0f5f07147aa1c0379c412e25) Importer(815301076,1909f56bfc062723c751e8b465ee728b)  -> (artifact id: 'bc8623e20e68db9d8f9530267823c7d4') in 0.016813 seconds 
========================================================================
Received Import Request.
  Time since last request: 0.000024 seconds.
  path: Assets/Resources/Textrue/Character/swordman-f/weapon_1/51.png
  artifactKey: Guid(d28d51ef80f487b4d8b061486e4e39ab) Importer(815301076,1909f56bfc062723c751e8b465ee728b)
Start importing Assets/Resources/Textrue/Character/swordman-f/weapon_1/51.png using Guid(d28d51ef80f487b4d8b061486e4e39ab) Importer(815301076,1909f56bfc062723c751e8b465ee728b)  -> (artifact id: '2dfcbc7f301de6ec1a4232c07e828068') in 0.011622 seconds 
========================================================================
Received Import Request.
  Time since last request: 0.000023 seconds.
  path: Assets/Resources/Textrue/Character/swordman-f/weapon_1/31.png
  artifactKey: Guid(7079a6af39942824fb6706740367eb3a) Importer(815301076,1909f56bfc062723c751e8b465ee728b)
Start importing Assets/Resources/Textrue/Character/swordman-f/weapon_1/31.png using Guid(7079a6af39942824fb6706740367eb3a) Importer(815301076,1909f56bfc062723c751e8b465ee728b)  -> (artifact id: 'c0e1605ea645cb040f13816f7eb7eb8f') in 0.013112 seconds 
========================================================================
Received Import Request.
  Time since last request: 0.058915 seconds.
  path: Assets/Resources/Textrue/Character/saber/10000/body/61.png
  artifactKey: Guid(4cc9a8c30773c224f97412ee4211d1f2) Importer(815301076,1909f56bfc062723c751e8b465ee728b)
Start importing Assets/Resources/Textrue/Character/saber/10000/body/61.png using Guid(4cc9a8c30773c224f97412ee4211d1f2) Importer(815301076,1909f56bfc062723c751e8b465ee728b)  -> (artifact id: 'de033dc1511ce04b76a5eb6850ba12f2') in 0.023854 seconds 
========================================================================
Received Import Request.
  Time since last request: 0.000030 seconds.
  path: Assets/Resources/Textrue/Character/swordman-f/body/71.png
  artifactKey: Guid(7e28d409f0992ce44a17ca790411b619) Importer(815301076,1909f56bfc062723c751e8b465ee728b)
Start importing Assets/Resources/Textrue/Character/swordman-f/body/71.png using Guid(7e28d409f0992ce44a17ca790411b619) Importer(815301076,1909f56bfc062723c751e8b465ee728b)  -> (artifact id: '8561ab8facd0ac09f78a2f51b97fdfef') in 0.016369 seconds 
========================================================================
Received Import Request.
  Time since last request: 0.000023 seconds.
  path: Assets/Resources/Textrue/Character/swordman-f/hair_1/71.png
  artifactKey: Guid(7f46fd04fd647924aaedccc87ce30b4e) Importer(815301076,1909f56bfc062723c751e8b465ee728b)
Start importing Assets/Resources/Textrue/Character/swordman-f/hair_1/71.png using Guid(7f46fd04fd647924aaedccc87ce30b4e) Importer(815301076,1909f56bfc062723c751e8b465ee728b)  -> (artifact id: 'de5a5f5925d6d3d29f507f7a6f22c359') in 0.014584 seconds 
========================================================================
Received Import Request.
  Time since last request: 0.000027 seconds.
  path: Assets/Resources/Textrue/Character/swordman-f/weapon_1/81.png
  artifactKey: Guid(c7655a41fc7456044b13385d429636d9) Importer(815301076,1909f56bfc062723c751e8b465ee728b)
Start importing Assets/Resources/Textrue/Character/swordman-f/weapon_1/81.png using Guid(c7655a41fc7456044b13385d429636d9) Importer(815301076,1909f56bfc062723c751e8b465ee728b)  -> (artifact id: '7f9d1e3ddceedab62362d9731944fd42') in 0.013014 seconds 
========================================================================
Received Import Request.
  Time since last request: 0.000024 seconds.
  path: Assets/Resources/Textrue/Character/swordman-f/hair_3/71.png
  artifactKey: Guid(7214b9d98feffa340b863bd7c4f7d2ac) Importer(815301076,1909f56bfc062723c751e8b465ee728b)
Start importing Assets/Resources/Textrue/Character/swordman-f/hair_3/71.png using Guid(7214b9d98feffa340b863bd7c4f7d2ac) Importer(815301076,1909f56bfc062723c751e8b465ee728b)  -> (artifact id: '81490b16dac1167d110f6439fe638f2a') in 0.014373 seconds 
========================================================================
Received Import Request.
  Time since last request: 0.000027 seconds.
  path: Assets/Resources/Textrue/Character/saber/10000/body/71.png
  artifactKey: Guid(46e7230d09ce400459953a5ab4610705) Importer(815301076,1909f56bfc062723c751e8b465ee728b)
Start importing Assets/Resources/Textrue/Character/saber/10000/body/71.png using Guid(46e7230d09ce400459953a5ab4610705) Importer(815301076,1909f56bfc062723c751e8b465ee728b)  -> (artifact id: 'e827dfbb9e94174700d6b7b23d70ac3c') in 0.033534 seconds 
========================================================================
Received Import Request.
  Time since last request: 36.124800 seconds.
  path: Assets/Texture/knockSmallEffect.spriteatlas
  artifactKey: Guid(9cf2b91f8121b074c8ecab632886de14) Importer(815301076,1909f56bfc062723c751e8b465ee728b)
Start importing Assets/Texture/knockSmallEffect.spriteatlas using Guid(9cf2b91f8121b074c8ecab632886de14) Importer(815301076,1909f56bfc062723c751e8b465ee728b)  -> (artifact id: 'fb682356e79d5d0e0fa51bd53231c158') in 0.005880 seconds 
========================================================================
Received Import Request.
  Time since last request: 93.615718 seconds.
  path: Assets/Texture/knockSmallEffect.spriteatlas
  artifactKey: Guid(9cf2b91f8121b074c8ecab632886de14) Importer(815301076,1909f56bfc062723c751e8b465ee728b)
Start importing Assets/Texture/knockSmallEffect.spriteatlas using Guid(9cf2b91f8121b074c8ecab632886de14) Importer(815301076,1909f56bfc062723c751e8b465ee728b)  -> (artifact id: 'b895584ebe520716ae0072c49ed1058a') in 0.002010 seconds 
========================================================================
Received Import Request.
  Time since last request: 993.904479 seconds.
  path: Assets/Texture/1.png
  artifactKey: Guid(516dc1250ba892940940075815412215) Importer(815301076,1909f56bfc062723c751e8b465ee728b)
Start importing Assets/Texture/1.png using Guid(516dc1250ba892940940075815412215) Importer(815301076,1909f56bfc062723c751e8b465ee728b)  -> (artifact id: '6d86d827483a8738029ca04c288932d3') in 0.034005 seconds 
========================================================================
Received Import Request.
  Time since last request: 0.917570 seconds.
  path: Assets/Texture/0.png
  artifactKey: Guid(abdef96ac1fe06449926f5214142d809) Importer(815301076,1909f56bfc062723c751e8b465ee728b)
Start importing Assets/Texture/0.png using Guid(abdef96ac1fe06449926f5214142d809) Importer(815301076,1909f56bfc062723c751e8b465ee728b)  -> (artifact id: '933e0d8376f05740505a764d8aa22ed4') in 0.015266 seconds 
========================================================================
Received Import Request.
  Time since last request: 6.278003 seconds.
  path: Assets/Texture/2.png
  artifactKey: Guid(36aed6a46cbe3fa4bb1d6c777da8e57b) Importer(815301076,1909f56bfc062723c751e8b465ee728b)
Start importing Assets/Texture/2.png using Guid(36aed6a46cbe3fa4bb1d6c777da8e57b) Importer(815301076,1909f56bfc062723c751e8b465ee728b)  -> (artifact id: '27f7fa3479fa6830dff862b626bdc022') in 0.008763 seconds 
========================================================================
Received Import Request.
  Time since last request: 1.479698 seconds.
  path: Assets/Texture/0.png
  artifactKey: Guid(abdef96ac1fe06449926f5214142d809) Importer(815301076,1909f56bfc062723c751e8b465ee728b)
Start importing Assets/Texture/0.png using Guid(abdef96ac1fe06449926f5214142d809) Importer(815301076,1909f56bfc062723c751e8b465ee728b)  -> (artifact id: '90e9d9c86e2a05a3e3bbff016c79cb54') in 0.009260 seconds 
========================================================================
Received Import Request.
  Time since last request: 0.762441 seconds.
  path: Assets/Texture/1.png
  artifactKey: Guid(516dc1250ba892940940075815412215) Importer(815301076,1909f56bfc062723c751e8b465ee728b)
Start importing Assets/Texture/1.png using Guid(516dc1250ba892940940075815412215) Importer(815301076,1909f56bfc062723c751e8b465ee728b)  -> (artifact id: 'bbdfe55c4f5ad24e665aea30b701cf48') in 0.013538 seconds 
========================================================================
Received Import Request.
  Time since last request: 21.843774 seconds.
  path: Assets/Texture/knockSmallEffect.spriteatlas
  artifactKey: Guid(9cf2b91f8121b074c8ecab632886de14) Importer(815301076,1909f56bfc062723c751e8b465ee728b)
Start importing Assets/Texture/knockSmallEffect.spriteatlas using Guid(9cf2b91f8121b074c8ecab632886de14) Importer(815301076,1909f56bfc062723c751e8b465ee728b)  -> (artifact id: '9c347253190643d8203b2efc77770a82') in 0.002183 seconds 
========================================================================
Received Import Request.
  Time since last request: 34.227819 seconds.
  path: Assets/Texture/knockSmallEffect.spriteatlasv2
  artifactKey: Guid(08aaf59ef75e310499b6b40b175ec596) Importer(815301076,1909f56bfc062723c751e8b465ee728b)
Start importing Assets/Texture/knockSmallEffect.spriteatlasv2 using Guid(08aaf59ef75e310499b6b40b175ec596) Importer(815301076,1909f56bfc062723c751e8b465ee728b)  -> (artifact id: '3ee799f23e930b6bd66c6c81ac709be1') in 0.003287 seconds 
========================================================================
Received Prepare
Registering precompiled user dll's ...
Registered in 0.013229 seconds.
Begin MonoManager ReloadAssembly
Native extension for WindowsStandalone target not found
Native extension for iOS target not found
Native extension for Android target not found
Refreshing native plugins compatible for Editor in 1.06 ms, found 4 plugins.
Preloading 0 native plugins for Editor in 0.00 ms.
Mono: successfully reloaded assembly
- Completed reload, in  1.100 seconds
Domain Reload Profiling:
	ReloadAssembly (1100ms)
		BeginReloadAssembly (140ms)
			ExecutionOrderSort (0ms)
			DisableScriptedObjects (6ms)
			BackupInstance (0ms)
			ReleaseScriptingObjects (0ms)
			CreateAndSetChildDomain (41ms)
		EndReloadAssembly (861ms)
			LoadAssemblies (93ms)
			RebuildTransferFunctionScriptingTraits (0ms)
			SetupTypeCache (239ms)
			ReleaseScriptCaches (2ms)
			RebuildScriptCaches (67ms)
			SetupLoadedEditorAssemblies (418ms)
				LogAssemblyErrors (0ms)
				InitializePlatformSupportModulesInManaged (26ms)
				SetLoadedEditorAssemblies (0ms)
				RefreshPlugins (1ms)
				BeforeProcessingInitializeOnLoad (77ms)
				ProcessInitializeOnLoadAttributes (273ms)
				ProcessInitializeOnLoadMethodAttributes (34ms)
				AfterProcessingInitializeOnLoad (6ms)
				EditorAssembliesLoaded (0ms)
			ExecutionOrderSort2 (0ms)
			AwakeInstancesAfterBackupRestoration (7ms)
Platform modules already initialized, skipping
Refreshing native plugins compatible for Editor in 4.80 ms, found 4 plugins.
Preloading 0 native plugins for Editor in 0.00 ms.
Unloading 3181 Unused Serialized files (Serialized files now loaded: 0)
Unloading 40 unused Assets / (102.6 KB). Loaded Objects now: 3764.
Memory consumption went from 145.7 MB to 145.6 MB.
Total: 3.345600 ms (FindLiveObjects: 0.222100 ms CreateObjectMapping: 0.144700 ms MarkObjects: 2.912300 ms  DeleteObjects: 0.066100 ms)

AssetImportParameters requested are different than current active one (requested -> active):
  custom:video-decoder-ogg-theora: a1e56fd34408186e4bbccfd4996cb3dc -> 
  custom:container-muxer-webm: aa71ff27fc2769a1b78a27578f13a17b -> 
  custom:container-demuxer-webm: 4f35f7cbe854078d1ac9338744f61a02 -> 
  custom:video-encoder-webm-vp8: eb34c28f22e8b96e1ab97ce403110664 -> 
  custom:audio-encoder-webm-vorbis: bf7c407c2cedff20999df2af8eb42d56 -> 
  custom:framework-win-MediaFoundation: 216162199b28c13a410421893ffa2e32 -> 
  custom:container-demuxer-ogg: 62fdf1f143b41e24485cea50d1cbac27 -> 
  custom:video-decoder-webm-vp8: 9c59270c3fd7afecdb556c50c9e8de78 -> 
  custom:audio-decoder-ogg-vorbis: bf7c407c2cedff20999df2af8eb42d56 -> 
========================================================================
Received Import Request.
  Time since last request: 310.998553 seconds.
  path: Assets/Texture/2.png
  artifactKey: Guid(36aed6a46cbe3fa4bb1d6c777da8e57b) Importer(815301076,1909f56bfc062723c751e8b465ee728b)
Start importing Assets/Texture/2.png using Guid(36aed6a46cbe3fa4bb1d6c777da8e57b) Importer(815301076,1909f56bfc062723c751e8b465ee728b)  -> (artifact id: 'f60a8b438ff64691f827a30083588bbe') in 0.052000 seconds 
========================================================================
Received Import Request.
  Time since last request: 0.242781 seconds.
  path: Assets/Texture/knockSmallEffect.spriteatlasv2
  artifactKey: Guid(08aaf59ef75e310499b6b40b175ec596) Importer(815301076,1909f56bfc062723c751e8b465ee728b)
Start importing Assets/Texture/knockSmallEffect.spriteatlasv2 using Guid(08aaf59ef75e310499b6b40b175ec596) Importer(815301076,1909f56bfc062723c751e8b465ee728b)  -> (artifact id: 'be1baa6e36451d3850439600c35929ce') in 0.002176 seconds 
========================================================================
Received Import Request.
  Time since last request: 42.908551 seconds.
  path: Assets/UI Toolkit/UnityThemes/UnityDefaultRuntimeTheme.tss
  artifactKey: Guid(58ec153209f862545a3609695e77d0c6) Importer(815301076,1909f56bfc062723c751e8b465ee728b)
Start importing Assets/UI Toolkit/UnityThemes/UnityDefaultRuntimeTheme.tss using Guid(58ec153209f862545a3609695e77d0c6) Importer(815301076,1909f56bfc062723c751e8b465ee728b)  -> (artifact id: '65a8024708aa974b3327c881e4f011f0') in 0.159429 seconds 
========================================================================
Received Import Request.
  Time since last request: 366.107639 seconds.
  path: Assets/Texture/knockSmallEffect.spriteatlasv2
  artifactKey: Guid(08aaf59ef75e310499b6b40b175ec596) Importer(815301076,1909f56bfc062723c751e8b465ee728b)
Start importing Assets/Texture/knockSmallEffect.spriteatlasv2 using Guid(08aaf59ef75e310499b6b40b175ec596) Importer(815301076,1909f56bfc062723c751e8b465ee728b)  -> (artifact id: '0a8d5183db0084df42de03d921ebb5db') in 0.003186 seconds 
========================================================================
Received Import Request.
  Time since last request: 16.515227 seconds.
  path: Assets/Texture/knockSmallEffect.spriteatlasv2
  artifactKey: Guid(08aaf59ef75e310499b6b40b175ec596) Importer(815301076,1909f56bfc062723c751e8b465ee728b)
Start importing Assets/Texture/knockSmallEffect.spriteatlasv2 using Guid(08aaf59ef75e310499b6b40b175ec596) Importer(815301076,1909f56bfc062723c751e8b465ee728b)  -> (artifact id: 'e1805e9d8e4ff615e4a59468b5740479') in 0.002196 seconds 
========================================================================
Received Import Request.
  Time since last request: 37.305549 seconds.
  path: Assets/Texture/knockSmallEffect.spriteatlasv2
  artifactKey: Guid(08aaf59ef75e310499b6b40b175ec596) Importer(815301076,1909f56bfc062723c751e8b465ee728b)
Start importing Assets/Texture/knockSmallEffect.spriteatlasv2 using Guid(08aaf59ef75e310499b6b40b175ec596) Importer(815301076,1909f56bfc062723c751e8b465ee728b)  -> (artifact id: 'b71a26b720deb20ab6dd127c6553a8b8') in 0.002542 seconds 
========================================================================
Received Import Request.
  Time since last request: 247.890956 seconds.
  path: Assets/Resources/Textrue/HitEffect/knockLarge/0.png
  artifactKey: Guid(e3c4375560959d246a3ed42f8446f2fb) Importer(815301076,1909f56bfc062723c751e8b465ee728b)
Start importing Assets/Resources/Textrue/HitEffect/knockLarge/0.png using Guid(e3c4375560959d246a3ed42f8446f2fb) Importer(815301076,1909f56bfc062723c751e8b465ee728b)  -> (artifact id: 'd69727cae372b9c87589892890241b7a') in 0.018284 seconds 
========================================================================
Received Import Request.
  Time since last request: 0.000036 seconds.
  path: Assets/Resources/Textrue/Character/swordman-f/pants/2.png
  artifactKey: Guid(95c596304e469ce4fa0cf9dd65640909) Importer(815301076,1909f56bfc062723c751e8b465ee728b)
Start importing Assets/Resources/Textrue/Character/swordman-f/pants/2.png using Guid(95c596304e469ce4fa0cf9dd65640909) Importer(815301076,1909f56bfc062723c751e8b465ee728b)  -> (artifact id: '699d70bb49835edae7f91eafd471c6e4') in 0.025834 seconds 
========================================================================
Received Import Request.
  Time since last request: 0.000017 seconds.
  path: Assets/Texture/艾尔文防线/sprite_map_town_04_elvengard_background/back_far.img/2.png
  artifactKey: Guid(840a3438f93e4f941bb3065175715676) Importer(815301076,1909f56bfc062723c751e8b465ee728b)
Start importing Assets/Texture/艾尔文防线/sprite_map_town_04_elvengard_background/back_far.img/2.png using Guid(840a3438f93e4f941bb3065175715676) Importer(815301076,1909f56bfc062723c751e8b465ee728b)  -> (artifact id: 'b776d84be518910efb131bfb4343a6de') in 0.029730 seconds 
========================================================================
Received Import Request.
  Time since last request: 0.000017 seconds.
  path: Assets/Texture/修炼场/地形/2.png
  artifactKey: Guid(a5e19d82db687484fab4a12e1b214348) Importer(815301076,1909f56bfc062723c751e8b465ee728b)
Start importing Assets/Texture/修炼场/地形/2.png using Guid(a5e19d82db687484fab4a12e1b214348) Importer(815301076,1909f56bfc062723c751e8b465ee728b)  -> (artifact id: 'a3301f78c0327d94e4ebc4eb81db76c7') in 0.034549 seconds 
========================================================================
Received Import Request.
  Time since last request: 0.000019 seconds.
  path: Assets/Resources/Textrue/HitEffect/SlashSmall1/body/2.png
  artifactKey: Guid(54fcb51fa1005d547b620dbf94fd5a6c) Importer(815301076,1909f56bfc062723c751e8b465ee728b)
Start importing Assets/Resources/Textrue/HitEffect/SlashSmall1/body/2.png using Guid(54fcb51fa1005d547b620dbf94fd5a6c) Importer(815301076,1909f56bfc062723c751e8b465ee728b)  -> (artifact id: '66bc5c8859ec09998ace134cbccb4b2d') in 0.020692 seconds 
========================================================================
Received Import Request.
  Time since last request: 0.000024 seconds.
  path: Assets/Resources/Textrue/Character/swordman-f/hair_1/2.png
  artifactKey: Guid(a8001bcd2256d634cb359eacc92384f4) Importer(815301076,1909f56bfc062723c751e8b465ee728b)
Start importing Assets/Resources/Textrue/Character/swordman-f/hair_1/2.png using Guid(a8001bcd2256d634cb359eacc92384f4) Importer(815301076,1909f56bfc062723c751e8b465ee728b)  -> (artifact id: '8182fb9ce4dd836685f799fcbf0f542f') in 0.016088 seconds 
========================================================================
Received Import Request.
  Time since last request: 0.000025 seconds.
  path: Assets/Resources/Textrue/Moster/shabao/10000/body/2.png
  artifactKey: Guid(ef577cda0c0c684499e48c96d8d262e8) Importer(815301076,1909f56bfc062723c751e8b465ee728b)
Start importing Assets/Resources/Textrue/Moster/shabao/10000/body/2.png using Guid(ef577cda0c0c684499e48c96d8d262e8) Importer(815301076,1909f56bfc062723c751e8b465ee728b)  -> (artifact id: '97712fb8b9c64ac8de677e38771f58ee') in 0.018090 seconds 
Editor requested this worker to shutdown with reason: Scaling down because of idle timeout
AssetImportWorker is now disconnected from the server
Process exiting
Exiting without the bug reporter. Application will terminate with return code 0